{"/app/src/persistence/event-store.ts": {"path":"/app/src/persistence/event-store.ts","all":false,"statementMap":{"0":{"start":{"line":1,"column":0},"end":{"line":1,"column":40}},"10":{"start":{"line":11,"column":0},"end":{"line":11,"column":55}},"11":{"start":{"line":12,"column":0},"end":{"line":12,"column":53}},"13":{"start":{"line":14,"column":0},"end":{"line":14,"column":65}},"14":{"start":{"line":15,"column":0},"end":{"line":15,"column":30}},"15":{"start":{"line":16,"column":0},"end":{"line":16,"column":30}},"16":{"start":{"line":17,"column":0},"end":{"line":17,"column":19}},"17":{"start":{"line":18,"column":0},"end":{"line":18,"column":7}},"18":{"start":{"line":19,"column":0},"end":{"line":19,"column":3}},"20":{"start":{"line":21,"column":0},"end":{"line":21,"column":85}},"21":{"start":{"line":22,"column":0},"end":{"line":22,"column":26}},"22":{"start":{"line":23,"column":0},"end":{"line":23,"column":56}},"23":{"start":{"line":24,"column":0},"end":{"line":24,"column":6}},"24":{"start":{"line":25,"column":0},"end":{"line":25,"column":3}},"26":{"start":{"line":27,"column":0},"end":{"line":27,"column":77}},"27":{"start":{"line":28,"column":0},"end":{"line":28,"column":26}},"28":{"start":{"line":29,"column":0},"end":{"line":29,"column":48}},"29":{"start":{"line":30,"column":0},"end":{"line":30,"column":6}},"30":{"start":{"line":31,"column":0},"end":{"line":31,"column":3}},"32":{"start":{"line":33,"column":0},"end":{"line":33,"column":62}},"33":{"start":{"line":34,"column":0},"end":{"line":34,"column":44}},"34":{"start":{"line":35,"column":0},"end":{"line":35,"column":3}},"35":{"start":{"line":36,"column":0},"end":{"line":36,"column":1}}},"s":{"0":1,"10":1,"11":0,"13":0,"14":0,"15":0,"16":0,"17":0,"18":0,"20":0,"21":0,"22":0,"23":0,"24":0,"26":0,"27":0,"28":0,"29":0,"30":0,"32":0,"33":0,"34":0,"35":0},"branchMap":{},"b":{},"fnMap":{"0":{"name":"<instance_members_initializer>","decl":{"start":{"line":11,"column":54},"end":{"line":36,"column":1}},"loc":{"start":{"line":11,"column":54},"end":{"line":36,"column":1}},"line":11}},"f":{"0":0}}
,"/app/src/persistence/index.ts": {"path":"/app/src/persistence/index.ts","all":false,"statementMap":{"0":{"start":{"line":1,"column":0},"end":{"line":1,"column":31}},"1":{"start":{"line":2,"column":0},"end":{"line":2,"column":30}},"2":{"start":{"line":3,"column":0},"end":{"line":3,"column":33}},"3":{"start":{"line":4,"column":0},"end":{"line":4,"column":66}},"4":{"start":{"line":5,"column":0},"end":{"line":5,"column":50}},"5":{"start":{"line":6,"column":0},"end":{"line":6,"column":48}}},"s":{"0":1,"1":1,"2":1,"3":1,"4":1,"5":1},"branchMap":{},"b":{},"fnMap":{},"f":{}}
,"/app/src/persistence/migrate.ts": {"path":"/app/src/persistence/migrate.ts","all":true,"statementMap":{"0":{"start":{"line":1,"column":0},"end":{"line":1,"column":26}},"1":{"start":{"line":2,"column":0},"end":{"line":2,"column":52}},"2":{"start":{"line":3,"column":0},"end":{"line":3,"column":38}},"3":{"start":{"line":4,"column":0},"end":{"line":4,"column":46}},"4":{"start":{"line":5,"column":0},"end":{"line":5,"column":66}},"6":{"start":{"line":7,"column":0},"end":{"line":7,"column":47}},"7":{"start":{"line":8,"column":0},"end":{"line":8,"column":54}},"8":{"start":{"line":9,"column":0},"end":{"line":9,"column":60}},"9":{"start":{"line":10,"column":0},"end":{"line":10,"column":3}},"11":{"start":{"line":12,"column":0},"end":{"line":12,"column":20}},"12":{"start":{"line":13,"column":0},"end":{"line":13,"column":3}},"13":{"start":{"line":14,"column":0},"end":{"line":14,"column":34}},"14":{"start":{"line":15,"column":0},"end":{"line":15,"column":51}},"15":{"start":{"line":16,"column":0},"end":{"line":16,"column":32}},"30":{"start":{"line":31,"column":0},"end":{"line":31,"column":10}},"32":{"start":{"line":33,"column":0},"end":{"line":33,"column":32}},"47":{"start":{"line":48,"column":0},"end":{"line":48,"column":10}},"49":{"start":{"line":50,"column":0},"end":{"line":50,"column":32}},"62":{"start":{"line":63,"column":0},"end":{"line":63,"column":10}},"64":{"start":{"line":65,"column":0},"end":{"line":65,"column":32}},"79":{"start":{"line":80,"column":0},"end":{"line":80,"column":10}},"81":{"start":{"line":82,"column":0},"end":{"line":82,"column":32}},"95":{"start":{"line":96,"column":0},"end":{"line":96,"column":10}},"97":{"start":{"line":98,"column":0},"end":{"line":98,"column":32}},"111":{"start":{"line":112,"column":0},"end":{"line":112,"column":10}},"113":{"start":{"line":114,"column":0},"end":{"line":114,"column":32}},"125":{"start":{"line":126,"column":0},"end":{"line":126,"column":10}},"127":{"start":{"line":128,"column":0},"end":{"line":128,"column":32}},"140":{"start":{"line":141,"column":0},"end":{"line":141,"column":10}},"142":{"start":{"line":143,"column":0},"end":{"line":143,"column":32}},"156":{"start":{"line":157,"column":0},"end":{"line":157,"column":10}},"158":{"start":{"line":159,"column":0},"end":{"line":159,"column":32}},"172":{"start":{"line":173,"column":0},"end":{"line":173,"column":10}},"174":{"start":{"line":175,"column":0},"end":{"line":175,"column":32}},"186":{"start":{"line":187,"column":0},"end":{"line":187,"column":10}},"188":{"start":{"line":189,"column":0},"end":{"line":189,"column":32}},"200":{"start":{"line":201,"column":0},"end":{"line":201,"column":10}},"202":{"start":{"line":203,"column":0},"end":{"line":203,"column":32}},"213":{"start":{"line":214,"column":0},"end":{"line":214,"column":10}},"215":{"start":{"line":216,"column":0},"end":{"line":216,"column":32}},"220":{"start":{"line":221,"column":0},"end":{"line":221,"column":10}},"221":{"start":{"line":222,"column":0},"end":{"line":222,"column":6}},"222":{"start":{"line":223,"column":0},"end":{"line":223,"column":4}},"223":{"start":{"line":224,"column":0},"end":{"line":224,"column":2}},"225":{"start":{"line":226,"column":0},"end":{"line":226,"column":48}},"226":{"start":{"line":227,"column":0},"end":{"line":227,"column":31}},"227":{"start":{"line":228,"column":0},"end":{"line":228,"column":51}},"228":{"start":{"line":229,"column":0},"end":{"line":229,"column":27}},"230":{"start":{"line":231,"column":0},"end":{"line":231,"column":7}},"231":{"start":{"line":232,"column":0},"end":{"line":232,"column":30}},"236":{"start":{"line":237,"column":0},"end":{"line":237,"column":8}},"238":{"start":{"line":239,"column":0},"end":{"line":239,"column":41}},"239":{"start":{"line":240,"column":0},"end":{"line":240,"column":31}},"240":{"start":{"line":241,"column":0},"end":{"line":241,"column":17}},"241":{"start":{"line":242,"column":0},"end":{"line":242,"column":30}},"242":{"start":{"line":243,"column":0},"end":{"line":243,"column":57}},"244":{"start":{"line":245,"column":0},"end":{"line":245,"column":34}},"245":{"start":{"line":246,"column":0},"end":{"line":246,"column":31}},"246":{"start":{"line":247,"column":0},"end":{"line":247,"column":74}},"247":{"start":{"line":248,"column":0},"end":{"line":248,"column":60}},"248":{"start":{"line":249,"column":0},"end":{"line":249,"column":14}},"249":{"start":{"line":250,"column":0},"end":{"line":250,"column":68}},"250":{"start":{"line":251,"column":0},"end":{"line":251,"column":7}},"251":{"start":{"line":252,"column":0},"end":{"line":252,"column":5}},"253":{"start":{"line":254,"column":0},"end":{"line":254,"column":45}},"254":{"start":{"line":255,"column":0},"end":{"line":255,"column":13}},"255":{"start":{"line":256,"column":0},"end":{"line":256,"column":21}},"256":{"start":{"line":257,"column":0},"end":{"line":257,"column":3}},"257":{"start":{"line":258,"column":0},"end":{"line":258,"column":1}},"259":{"start":{"line":260,"column":0},"end":{"line":260,"column":54}},"260":{"start":{"line":261,"column":0},"end":{"line":261,"column":11}},"261":{"start":{"line":262,"column":0},"end":{"line":262,"column":32}},"262":{"start":{"line":263,"column":0},"end":{"line":263,"column":21}},"263":{"start":{"line":264,"column":0},"end":{"line":264,"column":46}},"264":{"start":{"line":265,"column":0},"end":{"line":265,"column":22}},"265":{"start":{"line":266,"column":0},"end":{"line":266,"column":7}},"266":{"start":{"line":267,"column":0},"end":{"line":267,"column":1}}},"s":{"0":0,"1":0,"2":0,"3":0,"4":0,"6":0,"7":0,"8":0,"9":0,"11":0,"12":0,"13":0,"14":0,"15":0,"30":0,"32":0,"47":0,"49":0,"62":0,"64":0,"79":0,"81":0,"95":0,"97":0,"111":0,"113":0,"125":0,"127":0,"140":0,"142":0,"156":0,"158":0,"172":0,"174":0,"186":0,"188":0,"200":0,"202":0,"213":0,"215":0,"220":0,"221":0,"222":0,"223":0,"225":0,"226":0,"227":0,"228":0,"230":0,"231":0,"236":0,"238":0,"239":0,"240":0,"241":0,"242":0,"244":0,"245":0,"246":0,"247":0,"248":0,"249":0,"250":0,"251":0,"253":0,"254":0,"255":0,"256":0,"257":0,"259":0,"260":0,"261":0,"262":0,"263":0,"264":0,"265":0,"266":0},"branchMap":{"0":{"type":"branch","line":1,"loc":{"start":{"line":1,"column":9127},"end":{"line":267,"column":1}},"locations":[{"start":{"line":1,"column":9127},"end":{"line":267,"column":1}}]}},"b":{"0":[0]},"fnMap":{"0":{"name":"(empty-report)","decl":{"start":{"line":1,"column":9127},"end":{"line":267,"column":1}},"loc":{"start":{"line":1,"column":9127},"end":{"line":267,"column":1}},"line":1}},"f":{"0":0}}
,"/app/src/persistence/object-store.ts": {"path":"/app/src/persistence/object-store.ts","all":false,"statementMap":{"0":{"start":{"line":1,"column":0},"end":{"line":1,"column":40}},"11":{"start":{"line":12,"column":0},"end":{"line":12,"column":24}},"12":{"start":{"line":13,"column":0},"end":{"line":13,"column":42}},"13":{"start":{"line":14,"column":0},"end":{"line":14,"column":39}},"14":{"start":{"line":15,"column":0},"end":{"line":15,"column":29}},"15":{"start":{"line":16,"column":0},"end":{"line":16,"column":3}},"16":{"start":{"line":17,"column":0},"end":{"line":17,"column":31}},"17":{"start":{"line":18,"column":0},"end":{"line":18,"column":44}},"18":{"start":{"line":19,"column":0},"end":{"line":19,"column":3}},"19":{"start":{"line":20,"column":0},"end":{"line":20,"column":21}},"20":{"start":{"line":21,"column":0},"end":{"line":21,"column":31}},"21":{"start":{"line":22,"column":0},"end":{"line":22,"column":3}},"22":{"start":{"line":23,"column":0},"end":{"line":23,"column":21}},"23":{"start":{"line":24,"column":0},"end":{"line":24,"column":31}},"24":{"start":{"line":25,"column":0},"end":{"line":25,"column":3}},"25":{"start":{"line":26,"column":0},"end":{"line":26,"column":42}},"26":{"start":{"line":27,"column":0},"end":{"line":27,"column":77}},"27":{"start":{"line":28,"column":0},"end":{"line":28,"column":3}},"28":{"start":{"line":29,"column":0},"end":{"line":29,"column":35}},"29":{"start":{"line":30,"column":0},"end":{"line":30,"column":30}},"30":{"start":{"line":31,"column":0},"end":{"line":31,"column":54}},"31":{"start":{"line":32,"column":0},"end":{"line":32,"column":5}},"32":{"start":{"line":33,"column":0},"end":{"line":33,"column":22}},"33":{"start":{"line":34,"column":0},"end":{"line":34,"column":3}},"34":{"start":{"line":35,"column":0},"end":{"line":35,"column":1}},"36":{"start":{"line":37,"column":0},"end":{"line":37,"column":57}},"37":{"start":{"line":38,"column":0},"end":{"line":38,"column":68}},"39":{"start":{"line":40,"column":0},"end":{"line":40,"column":49}},"40":{"start":{"line":41,"column":0},"end":{"line":41,"column":27}},"41":{"start":{"line":42,"column":0},"end":{"line":42,"column":3}},"43":{"start":{"line":44,"column":0},"end":{"line":44,"column":92}},"44":{"start":{"line":45,"column":0},"end":{"line":45,"column":26}},"45":{"start":{"line":46,"column":0},"end":{"line":46,"column":40}},"46":{"start":{"line":47,"column":0},"end":{"line":47,"column":62}},"47":{"start":{"line":48,"column":0},"end":{"line":48,"column":26}},"48":{"start":{"line":49,"column":0},"end":{"line":49,"column":6}},"49":{"start":{"line":50,"column":0},"end":{"line":50,"column":3}},"51":{"start":{"line":52,"column":0},"end":{"line":52,"column":33}},"52":{"start":{"line":53,"column":0},"end":{"line":53,"column":17}},"53":{"start":{"line":54,"column":0},"end":{"line":54,"column":32}},"54":{"start":{"line":55,"column":0},"end":{"line":55,"column":45}},"55":{"start":{"line":56,"column":0},"end":{"line":56,"column":26}},"56":{"start":{"line":57,"column":0},"end":{"line":57,"column":38}},"57":{"start":{"line":58,"column":0},"end":{"line":58,"column":54}},"58":{"start":{"line":59,"column":0},"end":{"line":59,"column":39}},"59":{"start":{"line":60,"column":0},"end":{"line":60,"column":48}},"60":{"start":{"line":61,"column":0},"end":{"line":61,"column":6}},"61":{"start":{"line":62,"column":0},"end":{"line":62,"column":3}},"63":{"start":{"line":64,"column":0},"end":{"line":64,"column":67}},"64":{"start":{"line":65,"column":0},"end":{"line":65,"column":37}},"65":{"start":{"line":66,"column":0},"end":{"line":66,"column":30}},"66":{"start":{"line":67,"column":0},"end":{"line":67,"column":53}},"67":{"start":{"line":68,"column":0},"end":{"line":68,"column":31}},"68":{"start":{"line":69,"column":0},"end":{"line":69,"column":17}},"69":{"start":{"line":70,"column":0},"end":{"line":70,"column":7}},"70":{"start":{"line":71,"column":0},"end":{"line":71,"column":3}},"72":{"start":{"line":73,"column":0},"end":{"line":73,"column":67}},"73":{"start":{"line":74,"column":0},"end":{"line":74,"column":68}},"74":{"start":{"line":75,"column":0},"end":{"line":75,"column":3}},"76":{"start":{"line":77,"column":0},"end":{"line":77,"column":49}},"77":{"start":{"line":78,"column":0},"end":{"line":78,"column":41}},"78":{"start":{"line":79,"column":0},"end":{"line":79,"column":63}},"79":{"start":{"line":80,"column":0},"end":{"line":80,"column":34}},"80":{"start":{"line":81,"column":0},"end":{"line":81,"column":7}},"81":{"start":{"line":82,"column":0},"end":{"line":82,"column":5}},"82":{"start":{"line":83,"column":0},"end":{"line":83,"column":14}},"83":{"start":{"line":84,"column":0},"end":{"line":84,"column":3}},"85":{"start":{"line":86,"column":0},"end":{"line":86,"column":48}},"86":{"start":{"line":87,"column":0},"end":{"line":87,"column":51}},"87":{"start":{"line":88,"column":0},"end":{"line":88,"column":66}},"88":{"start":{"line":89,"column":0},"end":{"line":89,"column":53}},"89":{"start":{"line":90,"column":0},"end":{"line":90,"column":41}},"90":{"start":{"line":91,"column":0},"end":{"line":91,"column":47}},"91":{"start":{"line":92,"column":0},"end":{"line":92,"column":73}},"92":{"start":{"line":93,"column":0},"end":{"line":93,"column":47}},"93":{"start":{"line":94,"column":0},"end":{"line":94,"column":51}},"94":{"start":{"line":95,"column":0},"end":{"line":95,"column":45}},"95":{"start":{"line":96,"column":0},"end":{"line":96,"column":53}},"96":{"start":{"line":97,"column":0},"end":{"line":97,"column":55}},"97":{"start":{"line":98,"column":0},"end":{"line":98,"column":43}},"98":{"start":{"line":99,"column":0},"end":{"line":99,"column":21}},"99":{"start":{"line":100,"column":0},"end":{"line":100,"column":3}},"100":{"start":{"line":101,"column":0},"end":{"line":101,"column":1}}},"s":{"0":1,"11":1,"12":17,"13":17,"14":15,"15":15,"16":17,"17":2,"18":2,"19":17,"20":14,"21":14,"22":17,"23":2,"24":2,"25":17,"26":0,"27":0,"28":17,"29":0,"30":0,"31":0,"32":0,"33":0,"34":17,"36":1,"37":0,"39":0,"40":0,"41":0,"43":0,"44":0,"45":0,"46":0,"47":0,"48":0,"49":0,"51":0,"52":0,"53":0,"54":0,"55":0,"56":0,"57":0,"58":0,"59":0,"60":0,"61":0,"63":0,"64":0,"65":0,"66":0,"67":0,"68":0,"69":0,"70":0,"72":0,"73":0,"74":0,"76":0,"77":0,"78":0,"79":0,"80":0,"81":0,"82":0,"83":0,"85":0,"86":0,"87":0,"88":0,"89":0,"90":0,"91":0,"92":0,"93":0,"94":0,"95":0,"96":0,"97":0,"98":0,"99":0,"100":0},"branchMap":{"0":{"type":"branch","line":12,"loc":{"start":{"line":12,"column":23},"end":{"line":35,"column":1}},"locations":[{"start":{"line":12,"column":23},"end":{"line":35,"column":1}}]},"1":{"type":"branch","line":13,"loc":{"start":{"line":13,"column":2},"end":{"line":13,"column":42}},"locations":[{"start":{"line":13,"column":2},"end":{"line":13,"column":42}}]},"2":{"type":"branch","line":14,"loc":{"start":{"line":14,"column":9},"end":{"line":16,"column":3}},"locations":[{"start":{"line":14,"column":9},"end":{"line":16,"column":3}}]},"3":{"type":"branch","line":17,"loc":{"start":{"line":17,"column":9},"end":{"line":19,"column":3}},"locations":[{"start":{"line":17,"column":9},"end":{"line":19,"column":3}}]},"4":{"type":"branch","line":20,"loc":{"start":{"line":20,"column":2},"end":{"line":22,"column":3}},"locations":[{"start":{"line":20,"column":2},"end":{"line":22,"column":3}}]},"5":{"type":"branch","line":23,"loc":{"start":{"line":23,"column":2},"end":{"line":25,"column":3}},"locations":[{"start":{"line":23,"column":2},"end":{"line":25,"column":3}}]}},"b":{"0":[17],"1":[17],"2":[15],"3":[2],"4":[14],"5":[2]},"fnMap":{"0":{"name":"<instance_members_initializer>","decl":{"start":{"line":12,"column":23},"end":{"line":35,"column":1}},"loc":{"start":{"line":12,"column":23},"end":{"line":35,"column":1}},"line":12},"1":{"name":"Option","decl":{"start":{"line":13,"column":2},"end":{"line":13,"column":42}},"loc":{"start":{"line":13,"column":2},"end":{"line":13,"column":42}},"line":13},"2":{"name":"some","decl":{"start":{"line":14,"column":9},"end":{"line":16,"column":3}},"loc":{"start":{"line":14,"column":9},"end":{"line":16,"column":3}},"line":14},"3":{"name":"none","decl":{"start":{"line":17,"column":9},"end":{"line":19,"column":3}},"loc":{"start":{"line":17,"column":9},"end":{"line":19,"column":3}},"line":17},"4":{"name":"isSome","decl":{"start":{"line":20,"column":2},"end":{"line":22,"column":3}},"loc":{"start":{"line":20,"column":2},"end":{"line":22,"column":3}},"line":20},"5":{"name":"isNone","decl":{"start":{"line":23,"column":2},"end":{"line":25,"column":3}},"loc":{"start":{"line":23,"column":2},"end":{"line":25,"column":3}},"line":23},"6":{"name":"map","decl":{"start":{"line":26,"column":2},"end":{"line":28,"column":3}},"loc":{"start":{"line":26,"column":2},"end":{"line":28,"column":3}},"line":26},"7":{"name":"getOrThrow","decl":{"start":{"line":29,"column":2},"end":{"line":34,"column":3}},"loc":{"start":{"line":29,"column":2},"end":{"line":34,"column":3}},"line":29},"8":{"name":"<instance_members_initializer>","decl":{"start":{"line":37,"column":56},"end":{"line":101,"column":1}},"loc":{"start":{"line":37,"column":56},"end":{"line":101,"column":1}},"line":37}},"f":{"0":17,"1":17,"2":15,"3":2,"4":14,"5":2,"6":0,"7":0,"8":0}}
,"/app/src/persistence/pg-event-store.ts": {"path":"/app/src/persistence/pg-event-store.ts","all":false,"statementMap":{"0":{"start":{"line":1,"column":0},"end":{"line":1,"column":40}},"1":{"start":{"line":2,"column":0},"end":{"line":2,"column":38}},"4":{"start":{"line":5,"column":0},"end":{"line":5,"column":48}},"5":{"start":{"line":6,"column":0},"end":{"line":6,"column":54}},"7":{"start":{"line":8,"column":0},"end":{"line":8,"column":49}},"8":{"start":{"line":9,"column":0},"end":{"line":9,"column":65}},"9":{"start":{"line":10,"column":0},"end":{"line":10,"column":30}},"10":{"start":{"line":11,"column":0},"end":{"line":11,"column":18}},"11":{"start":{"line":12,"column":0},"end":{"line":12,"column":33}},"12":{"start":{"line":13,"column":0},"end":{"line":13,"column":21}},"13":{"start":{"line":14,"column":0},"end":{"line":14,"column":28}},"14":{"start":{"line":15,"column":0},"end":{"line":15,"column":27}},"15":{"start":{"line":16,"column":0},"end":{"line":16,"column":37}},"16":{"start":{"line":17,"column":0},"end":{"line":17,"column":37}},"17":{"start":{"line":18,"column":0},"end":{"line":18,"column":33}},"18":{"start":{"line":19,"column":0},"end":{"line":19,"column":35}},"19":{"start":{"line":20,"column":0},"end":{"line":20,"column":33}},"20":{"start":{"line":21,"column":0},"end":{"line":21,"column":35}},"21":{"start":{"line":22,"column":0},"end":{"line":22,"column":10}},"22":{"start":{"line":23,"column":0},"end":{"line":23,"column":23}},"23":{"start":{"line":24,"column":0},"end":{"line":24,"column":32}},"24":{"start":{"line":25,"column":0},"end":{"line":25,"column":22}},"25":{"start":{"line":26,"column":0},"end":{"line":26,"column":22}},"26":{"start":{"line":27,"column":0},"end":{"line":27,"column":48}},"27":{"start":{"line":28,"column":0},"end":{"line":28,"column":8}},"28":{"start":{"line":29,"column":0},"end":{"line":29,"column":23}},"29":{"start":{"line":30,"column":0},"end":{"line":30,"column":66}},"30":{"start":{"line":31,"column":0},"end":{"line":31,"column":7}},"31":{"start":{"line":32,"column":0},"end":{"line":32,"column":3}},"33":{"start":{"line":34,"column":0},"end":{"line":34,"column":85}},"34":{"start":{"line":35,"column":0},"end":{"line":35,"column":30}},"35":{"start":{"line":36,"column":0},"end":{"line":36,"column":18}},"36":{"start":{"line":37,"column":0},"end":{"line":37,"column":33}},"37":{"start":{"line":38,"column":0},"end":{"line":38,"column":23}},"38":{"start":{"line":39,"column":0},"end":{"line":39,"column":19}},"39":{"start":{"line":40,"column":0},"end":{"line":40,"column":30}},"40":{"start":{"line":41,"column":0},"end":{"line":41,"column":75}},"41":{"start":{"line":42,"column":0},"end":{"line":42,"column":47}},"42":{"start":{"line":43,"column":0},"end":{"line":43,"column":51}},"43":{"start":{"line":44,"column":0},"end":{"line":44,"column":8}},"44":{"start":{"line":45,"column":0},"end":{"line":45,"column":23}},"45":{"start":{"line":46,"column":0},"end":{"line":46,"column":66}},"46":{"start":{"line":47,"column":0},"end":{"line":47,"column":7}},"47":{"start":{"line":48,"column":0},"end":{"line":48,"column":3}},"49":{"start":{"line":50,"column":0},"end":{"line":50,"column":77}},"50":{"start":{"line":51,"column":0},"end":{"line":51,"column":30}},"51":{"start":{"line":52,"column":0},"end":{"line":52,"column":18}},"52":{"start":{"line":53,"column":0},"end":{"line":53,"column":33}},"53":{"start":{"line":54,"column":0},"end":{"line":54,"column":23}},"54":{"start":{"line":55,"column":0},"end":{"line":55,"column":19}},"55":{"start":{"line":56,"column":0},"end":{"line":56,"column":30}},"56":{"start":{"line":57,"column":0},"end":{"line":57,"column":46}},"57":{"start":{"line":58,"column":0},"end":{"line":58,"column":47}},"58":{"start":{"line":59,"column":0},"end":{"line":59,"column":51}},"59":{"start":{"line":60,"column":0},"end":{"line":60,"column":8}},"60":{"start":{"line":61,"column":0},"end":{"line":61,"column":23}},"61":{"start":{"line":62,"column":0},"end":{"line":62,"column":66}},"62":{"start":{"line":63,"column":0},"end":{"line":63,"column":7}},"63":{"start":{"line":64,"column":0},"end":{"line":64,"column":3}},"65":{"start":{"line":66,"column":0},"end":{"line":66,"column":62}},"66":{"start":{"line":67,"column":0},"end":{"line":67,"column":30}},"67":{"start":{"line":68,"column":0},"end":{"line":68,"column":18}},"68":{"start":{"line":69,"column":0},"end":{"line":69,"column":33}},"69":{"start":{"line":70,"column":0},"end":{"line":70,"column":23}},"70":{"start":{"line":71,"column":0},"end":{"line":71,"column":19}},"71":{"start":{"line":72,"column":0},"end":{"line":72,"column":30}},"72":{"start":{"line":73,"column":0},"end":{"line":73,"column":47}},"73":{"start":{"line":74,"column":0},"end":{"line":74,"column":51}},"74":{"start":{"line":75,"column":0},"end":{"line":75,"column":8}},"75":{"start":{"line":76,"column":0},"end":{"line":76,"column":23}},"76":{"start":{"line":77,"column":0},"end":{"line":77,"column":66}},"77":{"start":{"line":78,"column":0},"end":{"line":78,"column":7}},"78":{"start":{"line":79,"column":0},"end":{"line":79,"column":3}},"79":{"start":{"line":80,"column":0},"end":{"line":80,"column":1}},"81":{"start":{"line":82,"column":0},"end":{"line":82,"column":67}},"82":{"start":{"line":83,"column":0},"end":{"line":83,"column":10}},"83":{"start":{"line":84,"column":0},"end":{"line":84,"column":30}},"84":{"start":{"line":85,"column":0},"end":{"line":85,"column":42}},"85":{"start":{"line":86,"column":0},"end":{"line":86,"column":37}},"86":{"start":{"line":87,"column":0},"end":{"line":87,"column":57}},"87":{"start":{"line":88,"column":0},"end":{"line":88,"column":45}},"88":{"start":{"line":89,"column":0},"end":{"line":89,"column":47}},"89":{"start":{"line":90,"column":0},"end":{"line":90,"column":60}},"90":{"start":{"line":91,"column":0},"end":{"line":91,"column":37}},"91":{"start":{"line":92,"column":0},"end":{"line":92,"column":4}},"92":{"start":{"line":93,"column":0},"end":{"line":93,"column":1}}},"s":{"0":1,"1":1,"4":1,"5":1,"7":1,"8":1,"9":8,"10":8,"11":8,"12":8,"13":8,"14":8,"15":8,"16":8,"17":8,"18":8,"19":8,"20":8,"21":8,"22":8,"23":8,"24":8,"25":8,"26":8,"27":8,"28":8,"29":0,"30":8,"31":8,"33":1,"34":1,"35":1,"36":1,"37":1,"38":1,"39":1,"40":1,"41":1,"42":1,"43":1,"44":1,"45":0,"46":1,"47":1,"49":1,"50":1,"51":1,"52":1,"53":1,"54":1,"55":1,"56":1,"57":1,"58":1,"59":1,"60":1,"61":0,"62":1,"63":1,"65":1,"66":2,"67":2,"68":2,"69":2,"70":2,"71":2,"72":2,"73":2,"74":2,"75":2,"76":0,"77":2,"78":2,"79":1,"81":20,"82":20,"83":20,"84":20,"85":20,"86":20,"87":20,"88":20,"89":20,"90":20,"91":20,"92":20},"branchMap":{"0":{"type":"branch","line":9,"loc":{"start":{"line":9,"column":2},"end":{"line":32,"column":3}},"locations":[{"start":{"line":9,"column":2},"end":{"line":32,"column":3}}]},"1":{"type":"branch","line":11,"loc":{"start":{"line":11,"column":11},"end":{"line":28,"column":8}},"locations":[{"start":{"line":11,"column":11},"end":{"line":28,"column":8}}]},"2":{"type":"branch","line":27,"loc":{"start":{"line":27,"column":16},"end":{"line":27,"column":46}},"locations":[{"start":{"line":27,"column":16},"end":{"line":27,"column":46}}]},"3":{"type":"branch","line":34,"loc":{"start":{"line":34,"column":2},"end":{"line":48,"column":3}},"locations":[{"start":{"line":34,"column":2},"end":{"line":48,"column":3}}]},"4":{"type":"branch","line":36,"loc":{"start":{"line":36,"column":11},"end":{"line":44,"column":8}},"locations":[{"start":{"line":36,"column":11},"end":{"line":44,"column":8}}]},"5":{"type":"branch","line":43,"loc":{"start":{"line":43,"column":16},"end":{"line":43,"column":49}},"locations":[{"start":{"line":43,"column":16},"end":{"line":43,"column":49}}]},"6":{"type":"branch","line":50,"loc":{"start":{"line":50,"column":2},"end":{"line":64,"column":3}},"locations":[{"start":{"line":50,"column":2},"end":{"line":64,"column":3}}]},"7":{"type":"branch","line":52,"loc":{"start":{"line":52,"column":11},"end":{"line":60,"column":8}},"locations":[{"start":{"line":52,"column":11},"end":{"line":60,"column":8}}]},"8":{"type":"branch","line":59,"loc":{"start":{"line":59,"column":16},"end":{"line":59,"column":49}},"locations":[{"start":{"line":59,"column":16},"end":{"line":59,"column":49}}]},"9":{"type":"branch","line":66,"loc":{"start":{"line":66,"column":2},"end":{"line":79,"column":3}},"locations":[{"start":{"line":66,"column":2},"end":{"line":79,"column":3}}]},"10":{"type":"branch","line":68,"loc":{"start":{"line":68,"column":11},"end":{"line":75,"column":8}},"locations":[{"start":{"line":68,"column":11},"end":{"line":75,"column":8}}]},"11":{"type":"branch","line":74,"loc":{"start":{"line":74,"column":16},"end":{"line":74,"column":49}},"locations":[{"start":{"line":74,"column":16},"end":{"line":74,"column":49}}]},"12":{"type":"branch","line":82,"loc":{"start":{"line":82,"column":0},"end":{"line":93,"column":1}},"locations":[{"start":{"line":82,"column":0},"end":{"line":93,"column":1}}]},"13":{"type":"branch","line":89,"loc":{"start":{"line":89,"column":19},"end":{"line":89,"column":47}},"locations":[{"start":{"line":89,"column":19},"end":{"line":89,"column":47}}]},"14":{"type":"branch","line":90,"loc":{"start":{"line":90,"column":18},"end":{"line":90,"column":60}},"locations":[{"start":{"line":90,"column":18},"end":{"line":90,"column":60}}]}},"b":{"0":[8],"1":[8],"2":[8],"3":[1],"4":[1],"5":[1],"6":[1],"7":[1],"8":[1],"9":[2],"10":[2],"11":[2],"12":[20],"13":[12],"14":[0]},"fnMap":{"0":{"name":"append","decl":{"start":{"line":9,"column":2},"end":{"line":32,"column":3}},"loc":{"start":{"line":9,"column":2},"end":{"line":32,"column":3}},"line":9},"1":{"name":"try","decl":{"start":{"line":11,"column":11},"end":{"line":28,"column":8}},"loc":{"start":{"line":11,"column":11},"end":{"line":28,"column":8}},"line":11},"2":{"name":"catch","decl":{"start":{"line":29,"column":13},"end":{"line":30,"column":66}},"loc":{"start":{"line":29,"column":13},"end":{"line":30,"column":66}},"line":29},"3":{"name":"getByObjectId","decl":{"start":{"line":34,"column":2},"end":{"line":48,"column":3}},"loc":{"start":{"line":34,"column":2},"end":{"line":48,"column":3}},"line":34},"4":{"name":"try","decl":{"start":{"line":36,"column":11},"end":{"line":44,"column":8}},"loc":{"start":{"line":36,"column":11},"end":{"line":44,"column":8}},"line":36},"5":{"name":"catch","decl":{"start":{"line":45,"column":13},"end":{"line":46,"column":66}},"loc":{"start":{"line":45,"column":13},"end":{"line":46,"column":66}},"line":45},"6":{"name":"getByType","decl":{"start":{"line":50,"column":2},"end":{"line":64,"column":3}},"loc":{"start":{"line":50,"column":2},"end":{"line":64,"column":3}},"line":50},"7":{"name":"try","decl":{"start":{"line":52,"column":11},"end":{"line":60,"column":8}},"loc":{"start":{"line":52,"column":11},"end":{"line":60,"column":8}},"line":52},"8":{"name":"catch","decl":{"start":{"line":61,"column":13},"end":{"line":62,"column":66}},"loc":{"start":{"line":61,"column":13},"end":{"line":62,"column":66}},"line":61},"9":{"name":"getAll","decl":{"start":{"line":66,"column":2},"end":{"line":79,"column":3}},"loc":{"start":{"line":66,"column":2},"end":{"line":79,"column":3}},"line":66},"10":{"name":"try","decl":{"start":{"line":68,"column":11},"end":{"line":75,"column":8}},"loc":{"start":{"line":68,"column":11},"end":{"line":75,"column":8}},"line":68},"11":{"name":"catch","decl":{"start":{"line":76,"column":13},"end":{"line":77,"column":66}},"loc":{"start":{"line":76,"column":13},"end":{"line":77,"column":66}},"line":76},"12":{"name":"mapRowToEvent","decl":{"start":{"line":82,"column":0},"end":{"line":93,"column":1}},"loc":{"start":{"line":82,"column":0},"end":{"line":93,"column":1}},"line":82}},"f":{"0":8,"1":8,"2":0,"3":1,"4":1,"5":0,"6":1,"7":1,"8":0,"9":2,"10":2,"11":0,"12":20}}
,"/app/src/persistence/pg-object-store.ts": {"path":"/app/src/persistence/pg-object-store.ts","all":false,"statementMap":{"3":{"start":{"line":4,"column":0},"end":{"line":4,"column":40}},"4":{"start":{"line":5,"column":0},"end":{"line":5,"column":33}},"5":{"start":{"line":6,"column":0},"end":{"line":6,"column":80}},"6":{"start":{"line":7,"column":0},"end":{"line":7,"column":48}},"7":{"start":{"line":8,"column":0},"end":{"line":8,"column":54}},"10":{"start":{"line":11,"column":0},"end":{"line":11,"column":40}},"11":{"start":{"line":12,"column":0},"end":{"line":12,"column":45}},"12":{"start":{"line":13,"column":0},"end":{"line":13,"column":39}},"13":{"start":{"line":14,"column":0},"end":{"line":14,"column":35}},"14":{"start":{"line":15,"column":0},"end":{"line":15,"column":32}},"15":{"start":{"line":16,"column":0},"end":{"line":16,"column":29}},"16":{"start":{"line":17,"column":0},"end":{"line":17,"column":33}},"17":{"start":{"line":18,"column":0},"end":{"line":18,"column":25}},"18":{"start":{"line":19,"column":0},"end":{"line":19,"column":28}},"19":{"start":{"line":20,"column":0},"end":{"line":20,"column":23}},"20":{"start":{"line":21,"column":0},"end":{"line":21,"column":43}},"21":{"start":{"line":22,"column":0},"end":{"line":22,"column":25}},"22":{"start":{"line":23,"column":0},"end":{"line":23,"column":33}},"23":{"start":{"line":24,"column":0},"end":{"line":24,"column":2}},"25":{"start":{"line":26,"column":0},"end":{"line":26,"column":44}},"26":{"start":{"line":27,"column":0},"end":{"line":27,"column":33}},"27":{"start":{"line":28,"column":0},"end":{"line":28,"column":31}},"28":{"start":{"line":29,"column":0},"end":{"line":29,"column":23}},"29":{"start":{"line":30,"column":0},"end":{"line":30,"column":29}},"30":{"start":{"line":31,"column":0},"end":{"line":31,"column":25}},"31":{"start":{"line":32,"column":0},"end":{"line":32,"column":29}},"32":{"start":{"line":33,"column":0},"end":{"line":33,"column":21}},"33":{"start":{"line":34,"column":0},"end":{"line":34,"column":25}},"34":{"start":{"line":35,"column":0},"end":{"line":35,"column":19}},"35":{"start":{"line":36,"column":0},"end":{"line":36,"column":31}},"36":{"start":{"line":37,"column":0},"end":{"line":37,"column":21}},"37":{"start":{"line":38,"column":0},"end":{"line":38,"column":29}},"38":{"start":{"line":39,"column":0},"end":{"line":39,"column":2}},"40":{"start":{"line":41,"column":0},"end":{"line":41,"column":50}},"41":{"start":{"line":42,"column":0},"end":{"line":42,"column":49}},"42":{"start":{"line":43,"column":0},"end":{"line":43,"column":64}},"43":{"start":{"line":44,"column":0},"end":{"line":44,"column":51}},"44":{"start":{"line":45,"column":0},"end":{"line":45,"column":39}},"45":{"start":{"line":46,"column":0},"end":{"line":46,"column":45}},"46":{"start":{"line":47,"column":0},"end":{"line":47,"column":71}},"47":{"start":{"line":48,"column":0},"end":{"line":48,"column":45}},"48":{"start":{"line":49,"column":0},"end":{"line":49,"column":49}},"49":{"start":{"line":50,"column":0},"end":{"line":50,"column":43}},"50":{"start":{"line":51,"column":0},"end":{"line":51,"column":51}},"51":{"start":{"line":52,"column":0},"end":{"line":52,"column":53}},"52":{"start":{"line":53,"column":0},"end":{"line":53,"column":41}},"53":{"start":{"line":54,"column":0},"end":{"line":54,"column":19}},"54":{"start":{"line":55,"column":0},"end":{"line":55,"column":1}},"56":{"start":{"line":57,"column":0},"end":{"line":57,"column":85}},"57":{"start":{"line":58,"column":0},"end":{"line":58,"column":33}},"58":{"start":{"line":59,"column":0},"end":{"line":59,"column":58}},"59":{"start":{"line":60,"column":0},"end":{"line":60,"column":45}},"60":{"start":{"line":61,"column":0},"end":{"line":61,"column":30}},"61":{"start":{"line":62,"column":0},"end":{"line":62,"column":15}},"62":{"start":{"line":63,"column":0},"end":{"line":63,"column":3}},"63":{"start":{"line":64,"column":0},"end":{"line":64,"column":13}},"64":{"start":{"line":65,"column":0},"end":{"line":65,"column":1}},"66":{"start":{"line":67,"column":0},"end":{"line":67,"column":85}},"67":{"start":{"line":68,"column":0},"end":{"line":68,"column":33}},"68":{"start":{"line":69,"column":0},"end":{"line":69,"column":59}},"69":{"start":{"line":70,"column":0},"end":{"line":70,"column":45}},"70":{"start":{"line":71,"column":0},"end":{"line":71,"column":29}},"71":{"start":{"line":72,"column":0},"end":{"line":72,"column":15}},"72":{"start":{"line":73,"column":0},"end":{"line":73,"column":3}},"73":{"start":{"line":74,"column":0},"end":{"line":74,"column":31}},"74":{"start":{"line":75,"column":0},"end":{"line":75,"column":1}},"76":{"start":{"line":77,"column":0},"end":{"line":77,"column":51}},"78":{"start":{"line":79,"column":0},"end":{"line":79,"column":32}},"79":{"start":{"line":80,"column":0},"end":{"line":80,"column":15}},"80":{"start":{"line":81,"column":0},"end":{"line":81,"column":16}},"81":{"start":{"line":82,"column":0},"end":{"line":82,"column":38}},"82":{"start":{"line":83,"column":0},"end":{"line":83,"column":30}},"83":{"start":{"line":84,"column":0},"end":{"line":84,"column":24}},"84":{"start":{"line":85,"column":0},"end":{"line":85,"column":33}},"85":{"start":{"line":86,"column":0},"end":{"line":86,"column":50}},"86":{"start":{"line":87,"column":0},"end":{"line":87,"column":21}},"87":{"start":{"line":88,"column":0},"end":{"line":88,"column":34}},"88":{"start":{"line":89,"column":0},"end":{"line":89,"column":9}},"89":{"start":{"line":90,"column":0},"end":{"line":90,"column":34}},"90":{"start":{"line":91,"column":0},"end":{"line":91,"column":19}},"91":{"start":{"line":92,"column":0},"end":{"line":92,"column":22}},"92":{"start":{"line":93,"column":0},"end":{"line":93,"column":34}},"93":{"start":{"line":94,"column":0},"end":{"line":94,"column":20}},"94":{"start":{"line":95,"column":0},"end":{"line":95,"column":54}},"95":{"start":{"line":96,"column":0},"end":{"line":96,"column":62}},"96":{"start":{"line":97,"column":0},"end":{"line":97,"column":8}},"97":{"start":{"line":98,"column":0},"end":{"line":98,"column":23}},"98":{"start":{"line":99,"column":0},"end":{"line":99,"column":66}},"99":{"start":{"line":100,"column":0},"end":{"line":100,"column":12}},"100":{"start":{"line":101,"column":0},"end":{"line":101,"column":34}},"101":{"start":{"line":102,"column":0},"end":{"line":102,"column":75}},"102":{"start":{"line":103,"column":0},"end":{"line":103,"column":50}},"103":{"start":{"line":104,"column":0},"end":{"line":104,"column":9}},"104":{"start":{"line":105,"column":0},"end":{"line":105,"column":34}},"105":{"start":{"line":106,"column":0},"end":{"line":106,"column":9}},"106":{"start":{"line":107,"column":0},"end":{"line":107,"column":6}},"107":{"start":{"line":108,"column":0},"end":{"line":108,"column":3}},"110":{"start":{"line":111,"column":0},"end":{"line":111,"column":33}},"111":{"start":{"line":112,"column":0},"end":{"line":112,"column":17}},"112":{"start":{"line":113,"column":0},"end":{"line":113,"column":32}},"113":{"start":{"line":114,"column":0},"end":{"line":114,"column":45}},"114":{"start":{"line":115,"column":0},"end":{"line":115,"column":30}},"115":{"start":{"line":116,"column":0},"end":{"line":116,"column":24}},"116":{"start":{"line":117,"column":0},"end":{"line":117,"column":33}},"117":{"start":{"line":118,"column":0},"end":{"line":118,"column":50}},"118":{"start":{"line":119,"column":0},"end":{"line":119,"column":21}},"119":{"start":{"line":120,"column":0},"end":{"line":120,"column":40}},"120":{"start":{"line":121,"column":0},"end":{"line":121,"column":9}},"121":{"start":{"line":122,"column":0},"end":{"line":122,"column":56}},"122":{"start":{"line":123,"column":0},"end":{"line":123,"column":49}},"123":{"start":{"line":124,"column":0},"end":{"line":124,"column":67}},"124":{"start":{"line":125,"column":0},"end":{"line":125,"column":10}},"125":{"start":{"line":126,"column":0},"end":{"line":126,"column":57}},"126":{"start":{"line":127,"column":0},"end":{"line":127,"column":8}},"127":{"start":{"line":128,"column":0},"end":{"line":128,"column":23}},"128":{"start":{"line":129,"column":0},"end":{"line":129,"column":66}},"129":{"start":{"line":130,"column":0},"end":{"line":130,"column":7}},"130":{"start":{"line":131,"column":0},"end":{"line":131,"column":3}},"133":{"start":{"line":134,"column":0},"end":{"line":134,"column":67}},"134":{"start":{"line":135,"column":0},"end":{"line":135,"column":30}},"135":{"start":{"line":136,"column":0},"end":{"line":136,"column":24}},"136":{"start":{"line":137,"column":0},"end":{"line":137,"column":37}},"137":{"start":{"line":138,"column":0},"end":{"line":138,"column":33}},"138":{"start":{"line":139,"column":0},"end":{"line":139,"column":50}},"139":{"start":{"line":140,"column":0},"end":{"line":140,"column":21}},"140":{"start":{"line":141,"column":0},"end":{"line":141,"column":58}},"141":{"start":{"line":142,"column":0},"end":{"line":142,"column":9}},"142":{"start":{"line":143,"column":0},"end":{"line":143,"column":46}},"143":{"start":{"line":144,"column":0},"end":{"line":144,"column":39}},"144":{"start":{"line":145,"column":0},"end":{"line":145,"column":48}},"146":{"start":{"line":147,"column":0},"end":{"line":147,"column":39}},"147":{"start":{"line":148,"column":0},"end":{"line":148,"column":19}},"148":{"start":{"line":149,"column":0},"end":{"line":149,"column":22}},"149":{"start":{"line":150,"column":0},"end":{"line":150,"column":42}},"150":{"start":{"line":151,"column":0},"end":{"line":151,"column":20}},"152":{"start":{"line":153,"column":0},"end":{"line":153,"column":36}},"154":{"start":{"line":155,"column":0},"end":{"line":155,"column":84}},"155":{"start":{"line":156,"column":0},"end":{"line":156,"column":76}},"156":{"start":{"line":157,"column":0},"end":{"line":157,"column":9}},"157":{"start":{"line":158,"column":0},"end":{"line":158,"column":37}},"158":{"start":{"line":159,"column":0},"end":{"line":159,"column":57}},"160":{"start":{"line":161,"column":0},"end":{"line":161,"column":33}},"161":{"start":{"line":162,"column":0},"end":{"line":162,"column":24}},"162":{"start":{"line":163,"column":0},"end":{"line":163,"column":25}},"163":{"start":{"line":164,"column":0},"end":{"line":164,"column":42}},"164":{"start":{"line":165,"column":0},"end":{"line":165,"column":33}},"165":{"start":{"line":166,"column":0},"end":{"line":166,"column":74}},"166":{"start":{"line":167,"column":0},"end":{"line":167,"column":8}},"167":{"start":{"line":168,"column":0},"end":{"line":168,"column":23}},"168":{"start":{"line":169,"column":0},"end":{"line":169,"column":66}},"169":{"start":{"line":170,"column":0},"end":{"line":170,"column":7}},"170":{"start":{"line":171,"column":0},"end":{"line":171,"column":3}},"172":{"start":{"line":173,"column":0},"end":{"line":173,"column":67}},"173":{"start":{"line":174,"column":0},"end":{"line":174,"column":30}},"174":{"start":{"line":175,"column":0},"end":{"line":175,"column":24}},"175":{"start":{"line":176,"column":0},"end":{"line":176,"column":33}},"176":{"start":{"line":177,"column":0},"end":{"line":177,"column":50}},"177":{"start":{"line":178,"column":0},"end":{"line":178,"column":21}},"178":{"start":{"line":179,"column":0},"end":{"line":179,"column":23}},"179":{"start":{"line":180,"column":0},"end":{"line":180,"column":9}},"180":{"start":{"line":181,"column":0},"end":{"line":181,"column":34}},"181":{"start":{"line":182,"column":0},"end":{"line":182,"column":24}},"182":{"start":{"line":183,"column":0},"end":{"line":183,"column":34}},"183":{"start":{"line":184,"column":0},"end":{"line":184,"column":23}},"184":{"start":{"line":185,"column":0},"end":{"line":185,"column":30}},"185":{"start":{"line":186,"column":0},"end":{"line":186,"column":8}},"186":{"start":{"line":187,"column":0},"end":{"line":187,"column":23}},"187":{"start":{"line":188,"column":0},"end":{"line":188,"column":66}},"188":{"start":{"line":189,"column":0},"end":{"line":189,"column":7}},"189":{"start":{"line":190,"column":0},"end":{"line":190,"column":3}},"190":{"start":{"line":191,"column":0},"end":{"line":191,"column":1}}},"s":{"3":1,"4":1,"5":1,"6":1,"7":1,"10":1,"11":1,"12":1,"13":1,"14":1,"15":1,"16":1,"17":1,"18":1,"19":1,"20":1,"21":1,"22":1,"23":1,"25":1,"26":1,"27":1,"28":1,"29":1,"30":1,"31":1,"32":1,"33":1,"34":1,"35":1,"36":1,"37":1,"38":1,"40":21,"41":21,"42":21,"43":21,"44":21,"45":21,"46":21,"47":21,"48":21,"49":21,"50":21,"51":21,"52":1,"53":0,"54":0,"56":21,"57":21,"58":21,"59":21,"60":235,"61":214,"62":214,"63":21,"64":21,"66":44,"67":44,"68":44,"69":44,"70":494,"71":450,"72":450,"73":44,"74":44,"76":1,"78":1,"79":17,"80":17,"81":17,"82":17,"83":17,"84":17,"85":17,"86":17,"87":0,"88":0,"89":17,"90":17,"91":17,"92":17,"93":17,"94":17,"95":15,"96":17,"97":17,"98":1,"99":17,"100":17,"101":1,"102":1,"103":1,"104":0,"105":17,"106":17,"107":17,"110":1,"111":2,"112":2,"113":2,"114":2,"115":2,"116":2,"117":2,"118":2,"119":0,"120":0,"121":2,"122":2,"123":8,"124":2,"125":2,"126":2,"127":2,"128":0,"129":2,"130":2,"133":1,"134":21,"135":21,"136":21,"137":21,"138":21,"139":21,"140":0,"141":0,"142":21,"143":21,"144":21,"146":21,"147":21,"148":21,"149":21,"150":21,"152":21,"154":20,"155":20,"156":20,"157":1,"158":1,"160":1,"161":1,"162":1,"163":1,"164":1,"165":1,"166":21,"167":21,"168":0,"169":21,"170":21,"172":1,"173":1,"174":1,"175":1,"176":1,"177":1,"178":0,"179":0,"180":1,"181":1,"182":1,"183":1,"184":1,"185":1,"186":1,"187":0,"188":1,"189":1,"190":1},"branchMap":{"0":{"type":"branch","line":41,"loc":{"start":{"line":41,"column":0},"end":{"line":55,"column":1}},"locations":[{"start":{"line":41,"column":0},"end":{"line":55,"column":1}}]},"1":{"type":"branch","line":42,"loc":{"start":{"line":42,"column":29},"end":{"line":42,"column":49}},"locations":[{"start":{"line":42,"column":29},"end":{"line":42,"column":49}}]},"2":{"type":"branch","line":42,"loc":{"start":{"line":42,"column":36},"end":{"line":43,"column":27}},"locations":[{"start":{"line":42,"column":36},"end":{"line":43,"column":27}}]},"3":{"type":"branch","line":43,"loc":{"start":{"line":43,"column":20},"end":{"line":43,"column":48}},"locations":[{"start":{"line":43,"column":20},"end":{"line":43,"column":48}}]},"4":{"type":"branch","line":43,"loc":{"start":{"line":43,"column":48},"end":{"line":43,"column":64}},"locations":[{"start":{"line":43,"column":48},"end":{"line":43,"column":64}}]},"5":{"type":"branch","line":43,"loc":{"start":{"line":43,"column":55},"end":{"line":44,"column":33}},"locations":[{"start":{"line":43,"column":55},"end":{"line":44,"column":33}}]},"6":{"type":"branch","line":44,"loc":{"start":{"line":44,"column":26},"end":{"line":44,"column":51}},"locations":[{"start":{"line":44,"column":26},"end":{"line":44,"column":51}}]},"7":{"type":"branch","line":44,"loc":{"start":{"line":44,"column":33},"end":{"line":45,"column":31}},"locations":[{"start":{"line":44,"column":33},"end":{"line":45,"column":31}}]},"8":{"type":"branch","line":45,"loc":{"start":{"line":45,"column":24},"end":{"line":45,"column":39}},"locations":[{"start":{"line":45,"column":24},"end":{"line":45,"column":39}}]},"9":{"type":"branch","line":45,"loc":{"start":{"line":45,"column":31},"end":{"line":46,"column":34}},"locations":[{"start":{"line":45,"column":31},"end":{"line":46,"column":34}}]},"10":{"type":"branch","line":46,"loc":{"start":{"line":46,"column":27},"end":{"line":46,"column":45}},"locations":[{"start":{"line":46,"column":27},"end":{"line":46,"column":45}}]},"11":{"type":"branch","line":46,"loc":{"start":{"line":46,"column":34},"end":{"line":47,"column":31}},"locations":[{"start":{"line":46,"column":34},"end":{"line":47,"column":31}}]},"12":{"type":"branch","line":47,"loc":{"start":{"line":47,"column":24},"end":{"line":47,"column":51}},"locations":[{"start":{"line":47,"column":24},"end":{"line":47,"column":51}}]},"13":{"type":"branch","line":47,"loc":{"start":{"line":47,"column":51},"end":{"line":47,"column":71}},"locations":[{"start":{"line":47,"column":51},"end":{"line":47,"column":71}}]},"14":{"type":"branch","line":47,"loc":{"start":{"line":47,"column":58},"end":{"line":48,"column":34}},"locations":[{"start":{"line":47,"column":58},"end":{"line":48,"column":34}}]},"15":{"type":"branch","line":48,"loc":{"start":{"line":48,"column":27},"end":{"line":48,"column":45}},"locations":[{"start":{"line":48,"column":27},"end":{"line":48,"column":45}}]},"16":{"type":"branch","line":48,"loc":{"start":{"line":48,"column":34},"end":{"line":49,"column":36}},"locations":[{"start":{"line":48,"column":34},"end":{"line":49,"column":36}}]},"17":{"type":"branch","line":49,"loc":{"start":{"line":49,"column":29},"end":{"line":49,"column":49}},"locations":[{"start":{"line":49,"column":29},"end":{"line":49,"column":49}}]},"18":{"type":"branch","line":49,"loc":{"start":{"line":49,"column":36},"end":{"line":50,"column":29}},"locations":[{"start":{"line":49,"column":36},"end":{"line":50,"column":29}}]},"19":{"type":"branch","line":50,"loc":{"start":{"line":50,"column":22},"end":{"line":50,"column":43}},"locations":[{"start":{"line":50,"column":22},"end":{"line":50,"column":43}}]},"20":{"type":"branch","line":50,"loc":{"start":{"line":50,"column":29},"end":{"line":51,"column":35}},"locations":[{"start":{"line":50,"column":29},"end":{"line":51,"column":35}}]},"21":{"type":"branch","line":51,"loc":{"start":{"line":51,"column":28},"end":{"line":51,"column":51}},"locations":[{"start":{"line":51,"column":28},"end":{"line":51,"column":51}}]},"22":{"type":"branch","line":51,"loc":{"start":{"line":51,"column":35},"end":{"line":52,"column":34}},"locations":[{"start":{"line":51,"column":35},"end":{"line":52,"column":34}}]},"23":{"type":"branch","line":52,"loc":{"start":{"line":52,"column":27},"end":{"line":52,"column":53}},"locations":[{"start":{"line":52,"column":27},"end":{"line":52,"column":53}}]},"24":{"type":"branch","line":52,"loc":{"start":{"line":52,"column":34},"end":{"line":53,"column":41}},"locations":[{"start":{"line":52,"column":34},"end":{"line":53,"column":41}}]},"25":{"type":"branch","line":53,"loc":{"start":{"line":53,"column":32},"end":{"line":55,"column":1}},"locations":[{"start":{"line":53,"column":32},"end":{"line":55,"column":1}}]},"26":{"type":"branch","line":57,"loc":{"start":{"line":57,"column":0},"end":{"line":65,"column":1}},"locations":[{"start":{"line":57,"column":0},"end":{"line":65,"column":1}}]},"27":{"type":"branch","line":60,"loc":{"start":{"line":60,"column":44},"end":{"line":63,"column":3}},"locations":[{"start":{"line":60,"column":44},"end":{"line":63,"column":3}}]},"28":{"type":"branch","line":61,"loc":{"start":{"line":61,"column":21},"end":{"line":61,"column":30}},"locations":[{"start":{"line":61,"column":21},"end":{"line":61,"column":30}}]},"29":{"type":"branch","line":61,"loc":{"start":{"line":61,"column":21},"end":{"line":63,"column":3}},"locations":[{"start":{"line":61,"column":21},"end":{"line":63,"column":3}}]},"30":{"type":"branch","line":67,"loc":{"start":{"line":67,"column":0},"end":{"line":75,"column":1}},"locations":[{"start":{"line":67,"column":0},"end":{"line":75,"column":1}}]},"31":{"type":"branch","line":70,"loc":{"start":{"line":70,"column":44},"end":{"line":73,"column":3}},"locations":[{"start":{"line":70,"column":44},"end":{"line":73,"column":3}}]},"32":{"type":"branch","line":71,"loc":{"start":{"line":71,"column":20},"end":{"line":71,"column":29}},"locations":[{"start":{"line":71,"column":20},"end":{"line":71,"column":29}}]},"33":{"type":"branch","line":71,"loc":{"start":{"line":71,"column":20},"end":{"line":73,"column":3}},"locations":[{"start":{"line":71,"column":20},"end":{"line":73,"column":3}}]},"34":{"type":"branch","line":79,"loc":{"start":{"line":79,"column":2},"end":{"line":108,"column":3}},"locations":[{"start":{"line":79,"column":2},"end":{"line":108,"column":3}}]},"35":{"type":"branch","line":84,"loc":{"start":{"line":84,"column":11},"end":{"line":97,"column":8}},"locations":[{"start":{"line":84,"column":11},"end":{"line":97,"column":8}}]},"36":{"type":"branch","line":87,"loc":{"start":{"line":87,"column":20},"end":{"line":89,"column":9}},"locations":[{"start":{"line":87,"column":20},"end":{"line":89,"column":9}}]},"37":{"type":"branch","line":94,"loc":{"start":{"line":94,"column":18},"end":{"line":95,"column":37}},"locations":[{"start":{"line":94,"column":18},"end":{"line":95,"column":37}}]},"38":{"type":"branch","line":95,"loc":{"start":{"line":95,"column":30},"end":{"line":95,"column":54}},"locations":[{"start":{"line":95,"column":30},"end":{"line":95,"column":54}}]},"39":{"type":"branch","line":95,"loc":{"start":{"line":95,"column":52},"end":{"line":96,"column":62}},"locations":[{"start":{"line":95,"column":52},"end":{"line":96,"column":62}}]},"40":{"type":"branch","line":98,"loc":{"start":{"line":98,"column":13},"end":{"line":99,"column":66}},"locations":[{"start":{"line":98,"column":13},"end":{"line":99,"column":66}}]},"41":{"type":"branch","line":99,"loc":{"start":{"line":99,"column":33},"end":{"line":99,"column":66}},"locations":[{"start":{"line":99,"column":33},"end":{"line":99,"column":66}}]},"42":{"type":"branch","line":101,"loc":{"start":{"line":101,"column":22},"end":{"line":106,"column":7}},"locations":[{"start":{"line":101,"column":22},"end":{"line":106,"column":7}}]},"43":{"type":"branch","line":104,"loc":{"start":{"line":104,"column":8},"end":{"line":105,"column":34}},"locations":[{"start":{"line":104,"column":8},"end":{"line":105,"column":34}}]},"44":{"type":"branch","line":111,"loc":{"start":{"line":111,"column":2},"end":{"line":131,"column":3}},"locations":[{"start":{"line":111,"column":2},"end":{"line":131,"column":3}}]},"45":{"type":"branch","line":116,"loc":{"start":{"line":116,"column":11},"end":{"line":127,"column":8}},"locations":[{"start":{"line":116,"column":11},"end":{"line":127,"column":8}}]},"46":{"type":"branch","line":119,"loc":{"start":{"line":119,"column":20},"end":{"line":121,"column":9}},"locations":[{"start":{"line":119,"column":20},"end":{"line":121,"column":9}}]},"47":{"type":"branch","line":126,"loc":{"start":{"line":126,"column":15},"end":{"line":126,"column":49}},"locations":[{"start":{"line":126,"column":15},"end":{"line":126,"column":49}}]},"48":{"type":"branch","line":126,"loc":{"start":{"line":126,"column":45},"end":{"line":126,"column":57}},"locations":[{"start":{"line":126,"column":45},"end":{"line":126,"column":57}}]},"49":{"type":"branch","line":123,"loc":{"start":{"line":123,"column":32},"end":{"line":124,"column":67}},"locations":[{"start":{"line":123,"column":32},"end":{"line":124,"column":67}}]},"50":{"type":"branch","line":134,"loc":{"start":{"line":134,"column":2},"end":{"line":171,"column":3}},"locations":[{"start":{"line":134,"column":2},"end":{"line":171,"column":3}}]},"51":{"type":"branch","line":136,"loc":{"start":{"line":136,"column":11},"end":{"line":167,"column":8}},"locations":[{"start":{"line":136,"column":11},"end":{"line":167,"column":8}}]},"52":{"type":"branch","line":140,"loc":{"start":{"line":140,"column":20},"end":{"line":142,"column":9}},"locations":[{"start":{"line":140,"column":20},"end":{"line":142,"column":9}}]},"53":{"type":"branch","line":153,"loc":{"start":{"line":153,"column":35},"end":{"line":157,"column":9}},"locations":[{"start":{"line":153,"column":35},"end":{"line":157,"column":9}}]},"54":{"type":"branch","line":157,"loc":{"start":{"line":157,"column":8},"end":{"line":166,"column":74}},"locations":[{"start":{"line":157,"column":8},"end":{"line":166,"column":74}}]},"55":{"type":"branch","line":173,"loc":{"start":{"line":173,"column":2},"end":{"line":190,"column":3}},"locations":[{"start":{"line":173,"column":2},"end":{"line":190,"column":3}}]},"56":{"type":"branch","line":175,"loc":{"start":{"line":175,"column":11},"end":{"line":186,"column":8}},"locations":[{"start":{"line":175,"column":11},"end":{"line":186,"column":8}}]},"57":{"type":"branch","line":178,"loc":{"start":{"line":178,"column":20},"end":{"line":180,"column":9}},"locations":[{"start":{"line":178,"column":20},"end":{"line":180,"column":9}}]}},"b":{"0":[21],"1":[1],"2":[20],"3":[1],"4":[1],"5":[19],"6":[1],"7":[18],"8":[1],"9":[17],"10":[1],"11":[16],"12":[2],"13":[1],"14":[15],"15":[1],"16":[14],"17":[1],"18":[13],"19":[1],"20":[12],"21":[2],"22":[10],"23":[9],"24":[1],"25":[0],"26":[21],"27":[235],"28":[21],"29":[214],"30":[44],"31":[494],"32":[44],"33":[450],"34":[17],"35":[17],"36":[0],"37":[16],"38":[1],"39":[15],"40":[1],"41":[0],"42":[1],"43":[0],"44":[2],"45":[2],"46":[0],"47":[1],"48":[1],"49":[8],"50":[21],"51":[21],"52":[0],"53":[20],"54":[1],"55":[1],"56":[1],"57":[0]},"fnMap":{"0":{"name":"detectType","decl":{"start":{"line":41,"column":0},"end":{"line":55,"column":1}},"loc":{"start":{"line":41,"column":0},"end":{"line":55,"column":1}},"line":41},"1":{"name":"mapToDomainRow","decl":{"start":{"line":57,"column":0},"end":{"line":65,"column":1}},"loc":{"start":{"line":57,"column":0},"end":{"line":65,"column":1}},"line":57},"2":{"name":"mapToDomainObj","decl":{"start":{"line":67,"column":0},"end":{"line":75,"column":1}},"loc":{"start":{"line":67,"column":0},"end":{"line":75,"column":1}},"line":67},"3":{"name":"get","decl":{"start":{"line":79,"column":2},"end":{"line":108,"column":3}},"loc":{"start":{"line":79,"column":2},"end":{"line":108,"column":3}},"line":79},"4":{"name":"try","decl":{"start":{"line":84,"column":11},"end":{"line":97,"column":8}},"loc":{"start":{"line":84,"column":11},"end":{"line":97,"column":8}},"line":84},"5":{"name":"catch","decl":{"start":{"line":98,"column":13},"end":{"line":99,"column":66}},"loc":{"start":{"line":98,"column":13},"end":{"line":99,"column":66}},"line":98},"6":{"name":"list","decl":{"start":{"line":111,"column":2},"end":{"line":131,"column":3}},"loc":{"start":{"line":111,"column":2},"end":{"line":131,"column":3}},"line":111},"7":{"name":"try","decl":{"start":{"line":116,"column":11},"end":{"line":127,"column":8}},"loc":{"start":{"line":116,"column":11},"end":{"line":127,"column":8}},"line":116},"8":{"name":"catch","decl":{"start":{"line":128,"column":13},"end":{"line":129,"column":66}},"loc":{"start":{"line":128,"column":13},"end":{"line":129,"column":66}},"line":128},"9":{"name":"save","decl":{"start":{"line":134,"column":2},"end":{"line":171,"column":3}},"loc":{"start":{"line":134,"column":2},"end":{"line":171,"column":3}},"line":134},"10":{"name":"try","decl":{"start":{"line":136,"column":11},"end":{"line":167,"column":8}},"loc":{"start":{"line":136,"column":11},"end":{"line":167,"column":8}},"line":136},"11":{"name":"catch","decl":{"start":{"line":168,"column":13},"end":{"line":169,"column":66}},"loc":{"start":{"line":168,"column":13},"end":{"line":169,"column":66}},"line":168},"12":{"name":"delete","decl":{"start":{"line":173,"column":2},"end":{"line":190,"column":3}},"loc":{"start":{"line":173,"column":2},"end":{"line":190,"column":3}},"line":173},"13":{"name":"try","decl":{"start":{"line":175,"column":11},"end":{"line":186,"column":8}},"loc":{"start":{"line":175,"column":11},"end":{"line":186,"column":8}},"line":175},"14":{"name":"catch","decl":{"start":{"line":187,"column":13},"end":{"line":188,"column":66}},"loc":{"start":{"line":187,"column":13},"end":{"line":188,"column":66}},"line":187}},"f":{"0":21,"1":21,"2":44,"3":17,"4":17,"5":1,"6":2,"7":2,"8":0,"9":21,"10":21,"11":0,"12":1,"13":1,"14":0}}
,"/app/src/persistence/drizzle/db.ts": {"path":"/app/src/persistence/drizzle/db.ts","all":false,"statementMap":{"0":{"start":{"line":1,"column":0},"end":{"line":1,"column":26}},"1":{"start":{"line":2,"column":0},"end":{"line":2,"column":52}},"2":{"start":{"line":3,"column":0},"end":{"line":3,"column":35}},"4":{"start":{"line":5,"column":0},"end":{"line":5,"column":29}},"5":{"start":{"line":6,"column":0},"end":{"line":6,"column":57}},"7":{"start":{"line":8,"column":0},"end":{"line":8,"column":42}},"8":{"start":{"line":9,"column":0},"end":{"line":9,"column":13}},"9":{"start":{"line":10,"column":0},"end":{"line":10,"column":31}},"10":{"start":{"line":11,"column":0},"end":{"line":11,"column":77}},"11":{"start":{"line":12,"column":0},"end":{"line":12,"column":13}},"12":{"start":{"line":13,"column":0},"end":{"line":13,"column":1}},"14":{"start":{"line":15,"column":0},"end":{"line":15,"column":33}},"15":{"start":{"line":16,"column":0},"end":{"line":16,"column":14}},"16":{"start":{"line":17,"column":0},"end":{"line":17,"column":21}},"17":{"start":{"line":18,"column":0},"end":{"line":18,"column":41}},"18":{"start":{"line":19,"column":0},"end":{"line":19,"column":14}},"19":{"start":{"line":20,"column":0},"end":{"line":20,"column":31}},"20":{"start":{"line":21,"column":0},"end":{"line":21,"column":36}},"21":{"start":{"line":22,"column":0},"end":{"line":22,"column":7}},"22":{"start":{"line":23,"column":0},"end":{"line":23,"column":3}},"23":{"start":{"line":24,"column":0},"end":{"line":24,"column":14}},"24":{"start":{"line":25,"column":0},"end":{"line":25,"column":1}},"26":{"start":{"line":27,"column":0},"end":{"line":27,"column":25}},"27":{"start":{"line":28,"column":0},"end":{"line":28,"column":20}},"28":{"start":{"line":29,"column":0},"end":{"line":29,"column":36}},"29":{"start":{"line":30,"column":0},"end":{"line":30,"column":3}},"30":{"start":{"line":31,"column":0},"end":{"line":31,"column":20}},"31":{"start":{"line":32,"column":0},"end":{"line":32,"column":1}},"33":{"start":{"line":34,"column":0},"end":{"line":34,"column":19}},"34":{"start":{"line":35,"column":0},"end":{"line":35,"column":13}},"35":{"start":{"line":36,"column":0},"end":{"line":36,"column":10}},"36":{"start":{"line":37,"column":0},"end":{"line":37,"column":17}},"37":{"start":{"line":38,"column":0},"end":{"line":38,"column":22}},"38":{"start":{"line":39,"column":0},"end":{"line":39,"column":15}},"39":{"start":{"line":40,"column":0},"end":{"line":40,"column":23}},"40":{"start":{"line":41,"column":0},"end":{"line":41,"column":18}},"41":{"start":{"line":42,"column":0},"end":{"line":42,"column":24}},"42":{"start":{"line":43,"column":0},"end":{"line":43,"column":5}},"43":{"start":{"line":44,"column":0},"end":{"line":44,"column":4}},"44":{"start":{"line":45,"column":0},"end":{"line":45,"column":2}}},"s":{"0":1,"1":1,"2":1,"4":1,"5":1,"7":1,"8":2,"9":2,"10":0,"11":2,"12":2,"14":1,"15":2,"16":2,"17":2,"18":2,"19":2,"20":2,"21":2,"22":2,"23":2,"24":2,"26":1,"27":58,"28":2,"29":2,"30":58,"31":58,"33":1,"34":1,"35":1,"36":1,"37":1,"38":2,"39":2,"40":2,"41":2,"42":2,"43":2,"44":1},"branchMap":{"0":{"type":"branch","line":8,"loc":{"start":{"line":8,"column":7},"end":{"line":13,"column":1}},"locations":[{"start":{"line":8,"column":7},"end":{"line":13,"column":1}}]},"1":{"type":"branch","line":10,"loc":{"start":{"line":10,"column":16},"end":{"line":11,"column":77}},"locations":[{"start":{"line":10,"column":16},"end":{"line":11,"column":77}}]},"2":{"type":"branch","line":15,"loc":{"start":{"line":15,"column":7},"end":{"line":25,"column":1}},"locations":[{"start":{"line":15,"column":7},"end":{"line":25,"column":1}}]},"3":{"type":"branch","line":27,"loc":{"start":{"line":27,"column":7},"end":{"line":32,"column":1}},"locations":[{"start":{"line":27,"column":7},"end":{"line":32,"column":1}}]},"4":{"type":"branch","line":28,"loc":{"start":{"line":28,"column":19},"end":{"line":30,"column":3}},"locations":[{"start":{"line":28,"column":19},"end":{"line":30,"column":3}}]},"5":{"type":"branch","line":38,"loc":{"start":{"line":38,"column":9},"end":{"line":44,"column":4}},"locations":[{"start":{"line":38,"column":9},"end":{"line":44,"column":4}}]}},"b":{"0":[2],"1":[0],"2":[2],"3":[58],"4":[2],"5":[2]},"fnMap":{"0":{"name":"getDatabaseUrl","decl":{"start":{"line":8,"column":7},"end":{"line":13,"column":1}},"loc":{"start":{"line":8,"column":7},"end":{"line":13,"column":1}},"line":8},"1":{"name":"getPool","decl":{"start":{"line":15,"column":7},"end":{"line":25,"column":1}},"loc":{"start":{"line":15,"column":7},"end":{"line":25,"column":1}},"line":15},"2":{"name":"getDb","decl":{"start":{"line":27,"column":7},"end":{"line":32,"column":1}},"loc":{"start":{"line":27,"column":7},"end":{"line":32,"column":1}},"line":27},"3":{"name":"close","decl":{"start":{"line":38,"column":9},"end":{"line":44,"column":4}},"loc":{"start":{"line":38,"column":9},"end":{"line":44,"column":4}},"line":38}},"f":{"0":2,"1":2,"2":58,"3":2}}
,"/app/src/persistence/drizzle/schema.ts": {"path":"/app/src/persistence/drizzle/schema.ts","all":false,"statementMap":{"0":{"start":{"line":1,"column":0},"end":{"line":1,"column":8}},"11":{"start":{"line":12,"column":0},"end":{"line":12,"column":64}},"12":{"start":{"line":13,"column":0},"end":{"line":13,"column":46}},"13":{"start":{"line":14,"column":0},"end":{"line":14,"column":42}},"14":{"start":{"line":15,"column":0},"end":{"line":15,"column":40}},"15":{"start":{"line":16,"column":0},"end":{"line":16,"column":53}},"16":{"start":{"line":17,"column":0},"end":{"line":17,"column":41}},"17":{"start":{"line":18,"column":0},"end":{"line":18,"column":55}},"18":{"start":{"line":19,"column":0},"end":{"line":19,"column":71}},"19":{"start":{"line":20,"column":0},"end":{"line":20,"column":84}},"20":{"start":{"line":21,"column":0},"end":{"line":21,"column":47}},"21":{"start":{"line":22,"column":0},"end":{"line":22,"column":75}},"22":{"start":{"line":23,"column":0},"end":{"line":23,"column":60}},"23":{"start":{"line":24,"column":0},"end":{"line":24,"column":60}},"24":{"start":{"line":25,"column":0},"end":{"line":25,"column":3}},"26":{"start":{"line":27,"column":0},"end":{"line":27,"column":58}},"27":{"start":{"line":28,"column":0},"end":{"line":28,"column":46}},"28":{"start":{"line":29,"column":0},"end":{"line":29,"column":42}},"29":{"start":{"line":30,"column":0},"end":{"line":30,"column":40}},"30":{"start":{"line":31,"column":0},"end":{"line":31,"column":37}},"31":{"start":{"line":32,"column":0},"end":{"line":32,"column":64}},"32":{"start":{"line":33,"column":0},"end":{"line":33,"column":63}},"33":{"start":{"line":34,"column":0},"end":{"line":34,"column":71}},"34":{"start":{"line":35,"column":0},"end":{"line":35,"column":76}},"35":{"start":{"line":36,"column":0},"end":{"line":36,"column":67}},"36":{"start":{"line":37,"column":0},"end":{"line":37,"column":52}},"37":{"start":{"line":38,"column":0},"end":{"line":38,"column":75}},"38":{"start":{"line":39,"column":0},"end":{"line":39,"column":60}},"39":{"start":{"line":40,"column":0},"end":{"line":40,"column":3}},"41":{"start":{"line":42,"column":0},"end":{"line":42,"column":54}},"42":{"start":{"line":43,"column":0},"end":{"line":43,"column":46}},"43":{"start":{"line":44,"column":0},"end":{"line":44,"column":42}},"44":{"start":{"line":45,"column":0},"end":{"line":45,"column":40}},"45":{"start":{"line":46,"column":0},"end":{"line":46,"column":44}},"46":{"start":{"line":47,"column":0},"end":{"line":47,"column":45}},"47":{"start":{"line":48,"column":0},"end":{"line":48,"column":76}},"48":{"start":{"line":49,"column":0},"end":{"line":49,"column":84}},"49":{"start":{"line":50,"column":0},"end":{"line":50,"column":75}},"50":{"start":{"line":51,"column":0},"end":{"line":51,"column":60}},"51":{"start":{"line":52,"column":0},"end":{"line":52,"column":60}},"52":{"start":{"line":53,"column":0},"end":{"line":53,"column":3}},"54":{"start":{"line":55,"column":0},"end":{"line":55,"column":49}},"55":{"start":{"line":56,"column":0},"end":{"line":56,"column":46}},"56":{"start":{"line":57,"column":0},"end":{"line":57,"column":42}},"57":{"start":{"line":58,"column":0},"end":{"line":58,"column":40}},"58":{"start":{"line":59,"column":0},"end":{"line":59,"column":24}},"59":{"start":{"line":60,"column":0},"end":{"line":60,"column":41}},"60":{"start":{"line":61,"column":0},"end":{"line":61,"column":68}},"61":{"start":{"line":62,"column":0},"end":{"line":62,"column":74}},"62":{"start":{"line":63,"column":0},"end":{"line":63,"column":88}},"63":{"start":{"line":64,"column":0},"end":{"line":64,"column":90}},"64":{"start":{"line":65,"column":0},"end":{"line":65,"column":75}},"65":{"start":{"line":66,"column":0},"end":{"line":66,"column":60}},"66":{"start":{"line":67,"column":0},"end":{"line":67,"column":60}},"67":{"start":{"line":68,"column":0},"end":{"line":68,"column":3}},"69":{"start":{"line":70,"column":0},"end":{"line":70,"column":47}},"70":{"start":{"line":71,"column":0},"end":{"line":71,"column":46}},"71":{"start":{"line":72,"column":0},"end":{"line":72,"column":42}},"72":{"start":{"line":73,"column":0},"end":{"line":73,"column":40}},"73":{"start":{"line":74,"column":0},"end":{"line":74,"column":48}},"74":{"start":{"line":75,"column":0},"end":{"line":75,"column":53}},"75":{"start":{"line":76,"column":0},"end":{"line":76,"column":35}},"76":{"start":{"line":77,"column":0},"end":{"line":77,"column":54}},"77":{"start":{"line":78,"column":0},"end":{"line":78,"column":71}},"78":{"start":{"line":79,"column":0},"end":{"line":79,"column":75}},"79":{"start":{"line":80,"column":0},"end":{"line":80,"column":60}},"80":{"start":{"line":81,"column":0},"end":{"line":81,"column":60}},"81":{"start":{"line":82,"column":0},"end":{"line":82,"column":3}},"83":{"start":{"line":84,"column":0},"end":{"line":84,"column":51}},"84":{"start":{"line":85,"column":0},"end":{"line":85,"column":46}},"85":{"start":{"line":86,"column":0},"end":{"line":86,"column":42}},"86":{"start":{"line":87,"column":0},"end":{"line":87,"column":40}},"87":{"start":{"line":88,"column":0},"end":{"line":88,"column":34}},"88":{"start":{"line":89,"column":0},"end":{"line":89,"column":38}},"89":{"start":{"line":90,"column":0},"end":{"line":90,"column":53}},"90":{"start":{"line":91,"column":0},"end":{"line":91,"column":73}},"91":{"start":{"line":92,"column":0},"end":{"line":92,"column":63}},"92":{"start":{"line":93,"column":0},"end":{"line":93,"column":75}},"93":{"start":{"line":94,"column":0},"end":{"line":94,"column":60}},"94":{"start":{"line":95,"column":0},"end":{"line":95,"column":60}},"95":{"start":{"line":96,"column":0},"end":{"line":96,"column":3}},"97":{"start":{"line":98,"column":0},"end":{"line":98,"column":43}},"98":{"start":{"line":99,"column":0},"end":{"line":99,"column":46}},"99":{"start":{"line":100,"column":0},"end":{"line":100,"column":42}},"100":{"start":{"line":101,"column":0},"end":{"line":101,"column":40}},"101":{"start":{"line":102,"column":0},"end":{"line":102,"column":48}},"102":{"start":{"line":103,"column":0},"end":{"line":103,"column":27}},"103":{"start":{"line":104,"column":0},"end":{"line":104,"column":69}},"104":{"start":{"line":105,"column":0},"end":{"line":105,"column":67}},"105":{"start":{"line":106,"column":0},"end":{"line":106,"column":75}},"106":{"start":{"line":107,"column":0},"end":{"line":107,"column":60}},"107":{"start":{"line":108,"column":0},"end":{"line":108,"column":3}},"109":{"start":{"line":110,"column":0},"end":{"line":110,"column":45}},"110":{"start":{"line":111,"column":0},"end":{"line":111,"column":46}},"111":{"start":{"line":112,"column":0},"end":{"line":112,"column":42}},"112":{"start":{"line":113,"column":0},"end":{"line":113,"column":40}},"113":{"start":{"line":114,"column":0},"end":{"line":114,"column":30}},"114":{"start":{"line":115,"column":0},"end":{"line":115,"column":37}},"115":{"start":{"line":116,"column":0},"end":{"line":116,"column":82}},"116":{"start":{"line":117,"column":0},"end":{"line":117,"column":74}},"117":{"start":{"line":118,"column":0},"end":{"line":118,"column":63}},"118":{"start":{"line":119,"column":0},"end":{"line":119,"column":75}},"119":{"start":{"line":120,"column":0},"end":{"line":120,"column":60}},"120":{"start":{"line":121,"column":0},"end":{"line":121,"column":3}},"122":{"start":{"line":123,"column":0},"end":{"line":123,"column":41}},"123":{"start":{"line":124,"column":0},"end":{"line":124,"column":46}},"124":{"start":{"line":125,"column":0},"end":{"line":125,"column":42}},"125":{"start":{"line":126,"column":0},"end":{"line":126,"column":40}},"126":{"start":{"line":127,"column":0},"end":{"line":127,"column":38}},"127":{"start":{"line":128,"column":0},"end":{"line":128,"column":41}},"128":{"start":{"line":129,"column":0},"end":{"line":129,"column":88}},"129":{"start":{"line":130,"column":0},"end":{"line":130,"column":74}},"130":{"start":{"line":131,"column":0},"end":{"line":131,"column":43}},"131":{"start":{"line":132,"column":0},"end":{"line":132,"column":75}},"132":{"start":{"line":133,"column":0},"end":{"line":133,"column":60}},"133":{"start":{"line":134,"column":0},"end":{"line":134,"column":60}},"134":{"start":{"line":135,"column":0},"end":{"line":135,"column":3}},"136":{"start":{"line":137,"column":0},"end":{"line":137,"column":62}},"137":{"start":{"line":138,"column":0},"end":{"line":138,"column":46}},"138":{"start":{"line":139,"column":0},"end":{"line":139,"column":42}},"139":{"start":{"line":140,"column":0},"end":{"line":140,"column":40}},"140":{"start":{"line":141,"column":0},"end":{"line":141,"column":51}},"141":{"start":{"line":142,"column":0},"end":{"line":142,"column":87}},"142":{"start":{"line":143,"column":0},"end":{"line":143,"column":42}},"143":{"start":{"line":144,"column":0},"end":{"line":144,"column":29}},"144":{"start":{"line":145,"column":0},"end":{"line":145,"column":42}},"145":{"start":{"line":146,"column":0},"end":{"line":146,"column":42}},"146":{"start":{"line":147,"column":0},"end":{"line":147,"column":75}},"147":{"start":{"line":148,"column":0},"end":{"line":148,"column":60}},"148":{"start":{"line":149,"column":0},"end":{"line":149,"column":3}},"150":{"start":{"line":151,"column":0},"end":{"line":151,"column":43}},"151":{"start":{"line":152,"column":0},"end":{"line":152,"column":46}},"152":{"start":{"line":153,"column":0},"end":{"line":153,"column":42}},"153":{"start":{"line":154,"column":0},"end":{"line":154,"column":40}},"154":{"start":{"line":155,"column":0},"end":{"line":155,"column":53}},"155":{"start":{"line":156,"column":0},"end":{"line":156,"column":71}},"156":{"start":{"line":157,"column":0},"end":{"line":157,"column":65}},"157":{"start":{"line":158,"column":0},"end":{"line":158,"column":75}},"158":{"start":{"line":159,"column":0},"end":{"line":159,"column":60}},"159":{"start":{"line":160,"column":0},"end":{"line":160,"column":60}},"160":{"start":{"line":161,"column":0},"end":{"line":161,"column":3}},"162":{"start":{"line":163,"column":0},"end":{"line":163,"column":51}},"163":{"start":{"line":164,"column":0},"end":{"line":164,"column":46}},"164":{"start":{"line":165,"column":0},"end":{"line":165,"column":42}},"165":{"start":{"line":166,"column":0},"end":{"line":166,"column":40}},"166":{"start":{"line":167,"column":0},"end":{"line":167,"column":40}},"167":{"start":{"line":168,"column":0},"end":{"line":168,"column":53}},"168":{"start":{"line":169,"column":0},"end":{"line":169,"column":71}},"169":{"start":{"line":170,"column":0},"end":{"line":170,"column":75}},"170":{"start":{"line":171,"column":0},"end":{"line":171,"column":60}},"171":{"start":{"line":172,"column":0},"end":{"line":172,"column":60}},"172":{"start":{"line":173,"column":0},"end":{"line":173,"column":3}},"174":{"start":{"line":175,"column":0},"end":{"line":175,"column":41}},"175":{"start":{"line":176,"column":0},"end":{"line":176,"column":46}},"176":{"start":{"line":177,"column":0},"end":{"line":177,"column":50}},"177":{"start":{"line":178,"column":0},"end":{"line":178,"column":59}},"178":{"start":{"line":179,"column":0},"end":{"line":179,"column":61}},"179":{"start":{"line":180,"column":0},"end":{"line":180,"column":28}},"180":{"start":{"line":181,"column":0},"end":{"line":181,"column":30}},"181":{"start":{"line":182,"column":0},"end":{"line":182,"column":73}},"182":{"start":{"line":183,"column":0},"end":{"line":183,"column":42}},"183":{"start":{"line":184,"column":0},"end":{"line":184,"column":3}}},"s":{"0":1,"11":1,"12":1,"13":1,"14":1,"15":1,"16":1,"17":1,"18":1,"19":1,"20":1,"21":1,"22":1,"23":1,"24":1,"26":1,"27":1,"28":1,"29":1,"30":1,"31":1,"32":1,"33":1,"34":1,"35":1,"36":1,"37":1,"38":1,"39":1,"41":1,"42":1,"43":1,"44":1,"45":1,"46":1,"47":1,"48":1,"49":1,"50":1,"51":1,"52":1,"54":1,"55":1,"56":1,"57":1,"58":1,"59":1,"60":1,"61":1,"62":1,"63":1,"64":1,"65":1,"66":1,"67":1,"69":1,"70":1,"71":1,"72":1,"73":1,"74":1,"75":1,"76":1,"77":1,"78":1,"79":1,"80":1,"81":1,"83":1,"84":1,"85":1,"86":1,"87":1,"88":1,"89":1,"90":1,"91":1,"92":1,"93":1,"94":1,"95":1,"97":1,"98":1,"99":1,"100":1,"101":1,"102":1,"103":1,"104":1,"105":1,"106":1,"107":1,"109":1,"110":1,"111":1,"112":1,"113":1,"114":1,"115":1,"116":1,"117":1,"118":1,"119":1,"120":1,"122":1,"123":1,"124":1,"125":1,"126":1,"127":1,"128":1,"129":1,"130":1,"131":1,"132":1,"133":1,"134":1,"136":1,"137":1,"138":1,"139":1,"140":1,"141":1,"142":1,"143":1,"144":1,"145":1,"146":1,"147":1,"148":1,"150":1,"151":1,"152":1,"153":1,"154":1,"155":1,"156":1,"157":1,"158":1,"159":1,"160":1,"162":1,"163":1,"164":1,"165":1,"166":1,"167":1,"168":1,"169":1,"170":1,"171":1,"172":1,"174":1,"175":1,"176":1,"177":1,"178":1,"179":1,"180":1,"181":1,"182":1,"183":1},"branchMap":{},"b":{},"fnMap":{},"f":{}}
}
